Copyright 1986-2019 Xilinx, Inc. All Rights Reserved.
--------------------------------------------------------------------------------------------------------------------------------------------------------
| Tool Version : Vivado v.2018.3.1 (win64) Build 2489853 Tue Mar 26 04:20:25 MDT 2019
| Date         : Thu Nov 14 00:03:27 2019
| Host         : LAPTOP-QTCGESHO running 64-bit major release  (build 9200)
| Command      : report_methodology -file basys3_methodology_drc_routed.rpt -pb basys3_methodology_drc_routed.pb -rpx basys3_methodology_drc_routed.rpx
| Design       : basys3
| Device       : xc7a35tcpg236-1
| Speed File   : -1
| Design State : Fully Routed
--------------------------------------------------------------------------------------------------------------------------------------------------------

Report Methodology

Table of Contents
-----------------
1. REPORT SUMMARY
2. REPORT DETAILS

1. REPORT SUMMARY
-----------------
            Netlist: netlist
          Floorplan: design_1
      Design limits: <entire design considered>
             Max violations: <unlimited>
             Violations found: 0
+------+----------+-------------+------------+
| Rule | Severity | Description | Violations |
+------+----------+-------------+------------+
+------+----------+-------------+------------+

2. REPORT DETAILS
-----------------

