Vivado Simulator 2018.3
Copyright 1986-1999, 2001-2018 Xilinx, Inc. All Rights Reserved.
Running: D:/xilink/Vivado/2018.3/bin/unwrapped/win64.o/xelab.exe -wto 4682e309e1a541558b70be6b9d098c3c --incr --debug typical --relax --mt 2 -L xil_defaultlib -L unisims_ver -L unimacro_ver -L secureip --snapshot cpu_sim_behav xil_defaultlib.cpu_sim xil_defaultlib.glbl -log elaborate.log 
Using 2 slave threads.
Starting static elaboration
WARNING: [VRFC 10-3091] actual bit length 32 differs from formal bit length 12 for port 'CLUOut' [D:/cpu/cpu/cpu.srcs/sim_1/new/cpu_sim.v:33]
WARNING: [VRFC 10-3091] actual bit length 5 differs from formal bit length 32 for port 'In1' [D:/cpu/cpu/cpu.srcs/sources_1/new/CPU.v:65]
WARNING: [VRFC 10-3091] actual bit length 5 differs from formal bit length 32 for port 'In2' [D:/cpu/cpu/cpu.srcs/sources_1/new/CPU.v:66]
WARNING: [VRFC 10-3091] actual bit length 1 differs from formal bit length 32 for port 'rega' [D:/cpu/cpu/cpu.srcs/sources_1/new/CPU.v:103]
WARNING: [VRFC 10-3091] actual bit length 1 differs from formal bit length 32 for port 'regb' [D:/cpu/cpu/cpu.srcs/sources_1/new/CPU.v:104]
WARNING: [VRFC 10-3091] actual bit length 26 differs from formal bit length 32 for port 'Ins3' [D:/cpu/cpu/cpu.srcs/sources_1/new/CPU.v:146]
WARNING: [VRFC 10-3091] actual bit length 26 differs from formal bit length 32 for port 'Out' [D:/cpu/cpu/cpu.srcs/sources_1/new/CPU.v:174]
WARNING: [VRFC 10-3091] actual bit length 6 differs from formal bit length 32 for port 'In2' [D:/cpu/cpu/cpu.srcs/sources_1/new/CPU.v:90]
WARNING: [VRFC 10-3091] actual bit length 1 differs from formal bit length 32 for port 'Out' [D:/cpu/cpu/cpu.srcs/sources_1/new/CPU.v:93]
WARNING: [VRFC 10-3091] actual bit length 1 differs from formal bit length 32 for port 'Out' [D:/cpu/cpu/cpu.srcs/sources_1/new/CPU.v:100]
Completed static elaboration
Starting simulation data flow analysis
Completed simulation data flow analysis
Time Resolution for simulation is 1ps
Compiling module xil_defaultlib.PC
Compiling module xil_defaultlib.IRAM
Compiling module xil_defaultlib.Adder
Compiling module xil_defaultlib.Mux_2
Compiling module xil_defaultlib.Register
Compiling module xil_defaultlib.Extend
Compiling module xil_defaultlib.ALU
Compiling module xil_defaultlib.RAM
Compiling module xil_defaultlib.LeftShift_2
Compiling module xil_defaultlib.Mux_4
Compiling module xil_defaultlib.CLU
Compiling module xil_defaultlib.Jump
Compiling module xil_defaultlib.CPU
Compiling module xil_defaultlib.cpu_sim
Compiling module xil_defaultlib.glbl
Built simulation snapshot cpu_sim_behav
